> CMDLINE_BAD_CMD
> help
help: Display list of help commands | format: help
heater_pw_on: test | format: heater_pw_on 0/1
set_temp: set_temp | format: set_temp 20 30 40 50
get_temp_setpoint: get_temp_setpoint | format: get_temp_setpoint
get_temp: get_temp | format: get_temp
set_tec_vol: set_tec_voltage | format: set_tec_voltage vol0 vol1 vol2 vol3
get_tec_vol: get_tec_voltage | format: get_tec_vol
set_heater_duty: set_heater_duty | format: set_heater_duty 0% 1% 2% 3%
get_heater_duty: get_heater_duty | format: get_heater_duty
temp_ctrl: tec_ctrl | format: tec_ctrl 1 1 0 0
temp_auto_ctrl: tec_ctrl_auto | format: temp_auto_ctrl 1 1 0 0
set_ir_duty | format: set_ir_duty <duty>
get_ir_duty | format: get_ir_duty
get_accel_gyro | format: get_accel_gyro
get_press | format: get_press
get_all:Display all | format: get_all
dac_set: --------- | format: ------
get_adc: --------- | format: ------
pd_set: --------- | format: ------
ls_set: --------- | format: ------
auto_adc: Instead of using <get_adc>, auto_adc = get_adc automatically
auto_laser: : auto_laser [interval] 
> get_temp
BMP390 temp: 0 
NTC[0] is fail 
NTC[1] is fail 
NTC[2] is fail 
NTC[3] is fail 
NTC[4] is fail 
NTC[5] is fail 
NTC[6] is fail 
NTC[7] is fail 
> OK
> 
> 
> help
help: Display list of help commands | format: help
heater_pw_on: test | format: heater_pw_on 0/1
set_temp: set_temp | format: set_temp 20 30 40 50
get_temp_setpoint: get_temp_setpoint | format: get_temp_setpoint
get_temp: get_temp | format: get_temp
set_tec_vol: set_tec_voltage | format: set_tec_voltage vol0 vol1 vol2 vol3
get_tec_vol: get_tec_voltage | format: get_tec_vol
set_heater_duty: set_heater_duty | format: set_heater_duty 0% 1% 2% 3%
get_heater_duty: get_heater_duty | format: get_heater_duty
temp_ctrl: tec_ctrl | format: tec_ctrl 1 1 0 0
temp_auto_ctrl: tec_ctrl_auto | format: temp_auto_ctrl 1 1 0 0
set_ir_duty | format: set_ir_duty <duty>
get_ir_duty | format: get_ir_duty
get_accel_gyro | format: get_accel_gyro
get_press | format: get_press
get_all:Display all | format: get_all
dac_set: --------- | format: ------
get_adc: --------- | format: ------
pd_set: --------- | format: ------
ls_set: --------- | format: ------
auto_adc: Instead of using <get_adc>, auto_adc = get_adc automatically
auto_laser: : auto_laser [interval[
> auto_laser10 1000 400 200 0 1000 105
DAC Point: 105 
Temp BMP390 = [0] 
 | NTC[0] = [FAIL]
 | NTC[1] = [FAIL]
 | NTC[2] = [FAIL]
 | NTC[3] = [FAIL]
 | NTC[4] = [FAIL]
 | NTC[5] = [FAIL]
 | NTC[6] = [FAIL]
 | NTC[7] = [FAIL]
Run system with interval: 1000 ms, times: 400, delay: 200. Enter to End
> OK
> 
C1-1 | [LD01]  [T: 0]-[ADC: 0]  [T: 1]-[ADC: 0]
C1-2 | [LD07]  [T: 0]-[ADC: 0]  [T: 1]-[ADC: 0]
C1-3 | [LD13]  [T: 0]-[ADC: 0]  [T: 1]-[ADC: 0]
C1-4 | [LD19]  [T: 0]-[ADC: 0]  [T: 1]-[ADC: 0]
C1-5 | [LD25]  [T: 0]-[ADC: 0]  [T: 1]-[ADC: 0]
C1-6 | [LD31]  [T: 0]-[ADC: 0]  [T: 1]-[ADC: 0]
C2-1 | [LD02]  [T: 0]-[ADC: 0]  [T: 1]-[ADC: 0]
C2-2 | [LD08]  [T: 0]-[ADC: 0]  [T: 1]-[ADC: 0]
C2-3 | [LD14]  [T: 0]-[ADC: 0]  [T: 1]-[ADC: 0]
C2-4 | [LD20]  [T: 0]-[ADC: 0]  [T: 1]-[ADC: 0]
C2-5 | [LD26]  [T: 0]-[ADC: 0]  [T: 1]-[ADC: 0]
C2-6 | [LD32]  [T: 0]-[ADC: 0]  [T: 1]-[ADC: 0]
C3-1 | [LD03]  [T: 0]-[ADC: 0]  [T: 1]-[ADC: 0]
C3-2 | [LD09]  [T: 0]-[ADC: 0]  [T: 1]-[ADC: 0]
C3-3 | [LD15]  [T: 0]-[ADC: 0]  [T: 1]-[ADC: 0]
C3-4 | [LD21]  [T: 0]-[ADC: 0]  [T: 1]-[ADC: 0]
C3-5 | [LD27]  [T: 0]-[ADC: 0]  [T: 1]-[ADC: 0]
C3-6 | [LD33]  [T: 0]-[ADC: 0]  [T: 1]-[ADC: 0]
C4-1 | [LD04]  [T: 0]-[ADC: 0]  [T: 1]-[ADC: 0]
C4-2 | [LD10]  [T: 0]-[ADC: 0]  [T: 1]-[ADC: 0]
C4-3 | [LD16]  [T: 0]-[ADC: 0]  [T: 1]-[ADC: 0]
C4-4 | [LD22]  [T: 0]-[ADC: 0]  [T: 1]-[ADC: 0]
C4-5 | [LD28]  [T: 0]-[ADC: 0]  [T: 1]-[ADC: 0]
C4-6 | [LD34]  [T: 0]-[ADC: 0]  [T: 1]-[ADC: 0]
C5-1 | [LD05]  [T: 0]-[ADC: 0]  [T: 1]-[ADC: 0]
C5-2 | [LD11]  [T: 0]-[ADC: 0]  [T: 1]-[ADC: 0]
C5-3 | [LD17]  [T: 0]-[ADC: 0]  [T: 1]-[ADC: 0]
C5-4 | [LD23]  [T: 0]-[ADC: 0]  [T: 1]-[ADC: 0]
C5-5 | [LD29]  [T: 0]-[ADC: 0]  [T: 1]-[ADC: 0]
C5-6 | [LD35]  [T: 0]-[ADC: 0]  [T: 1]-[ADC: 0]
C6-1 | [LD06]  [T: 0]-[ADC: 0]  [T: 1]-[ADC: 0]
C6-2 | [LD12]  [T: 0]-[ADC: 0]  [T: 1]-[ADC: 0]
C6-3 | [LD18]  [T: 0]-[ADC: 0]  [T: 1]-[ADC: 0]
> 
> ls
> CMDLINE_BAD_CMD
> auto_laser 1000 400 200 0 1000 105
DAC Point: 105 
Temp BMP390 = [0] 
 | NTC[0] = [FAIL]
 | NTC[1] = [FAIL]
 | NTC[2] = [FAIL]
 | NTC[3] = [FAIL]
 | NTC[4] = [FAIL]
 | NTC[5] = [FAIL]
 | NTC[6] = [FAIL]
 | NTC[7] = [FAIL]
Run system with interval: 1000 ms, times: 400, delay: 200. Enter to End
> OK
> 
Temp BMP390 = [0] 
 | NTC[0] = [FAIL]
 | NTC[1] = [FAIL]
 | NTC[2] = [FAIL]
 | NTC[3] = [FAIL]
 | NTC[4] = [FAIL]
 | NTC[5] = [FAIL]
 | NTC[6] = [FAIL]
 | NTC[7] = [FAIL]
C1-1 | [LD01]  [T: 0]-[ADC: 0]  [T: 1]-[ADC: 0]
C1-2 | [LD07]  [T: 0]-[ADC: 0]  [T: 1]-[ADC: 0]
C1-3 | [LD13]  [T: 0]-[ADC: 0]  [T: 1]-[ADC: 0]
C1-4 | [LD19]  [T: 0]-[ADC: 0]  [T: 1]-[ADC: 0]
C1-5 | [LD25]  [T: 0]-[ADC: 0]  [T: 1]-[ADC: 0]
C1-6 | [LD31]  [T: 0]-[ADC: 0]  [T: 1]-[ADC: 0]
C2-1 | [LD02]  [T: 0]-[ADC: 0]  [T: 1]-[ADC: 0]
C2-2 | [LD08]  [T: 0]-[ADC: 0]  [T: 1]-[ADC: 0]
C2-3 | [LD14]  [T: 0]-[ADC: 0]  [T: 1]-[ADC: 0]
C2-4 | [LD20]  [T: 0]-[ADC: 0]  [T: 1]-[ADC: 0]
C2-5 | [LD26]  [T: 0]-[ADC: 0]  [T: 1]-[ADC: 0]
C2-6 | [LD32]  [T: 0]-[ADC: 0]  [T: 1]-[ADC: 0]
C3-1 | [LD03]  [T: 0]-[ADC: 0]  [T: 1]-[ADC: 0]
C3-2 | [LD09]  [T: 0]-[ADC: 0]  [T: 1]-[ADC: 0]
C3-3 | [LD15]  [T: 0]-[ADC: 0]  [T: 1]-[ADC: 0]
C3-4 | [LD21]  [T: 0]-[ADC: 0]  [T: 1]-[ADC: 0]
C3-5 | [LD27]  [T: 0]-[ADC: 0]  [T: 1]-[ADC: 0]
C3-6 | [LD33]  [T: 0]-[ADC: 0]  [T: 1]-[ADC: 0]
C4-1 | [LD04]  [T: 0]-[ADC: 0]  [T: 1]-[ADC: 0]
C4-2 | [LD10]  [T: 0]-[ADC: 0]  [T: 1]-[ADC: 0]
C4-3 | [LD16]  [T: 0]-[ADC: 0]  [T: 1]-[ADC: 0]
C4-4 | [LD22]  [T: 0]-[ADC: 0]  [T: 1]-[ADC: 0]
C4-5 | [LD28]  [T: 0]-[ADC: 0]  [T: 1]-[ADC: 0]
C4-6 | [LD34]  [T: 0]-[ADC: 0]  [T: 1]-[ADC: 0]
C5-1 | [LD05]  [T: 0]-[ADC: 0]  [T: 1]-[ADC: 0]
C5-2 | [LD11]  [T: 0]-[ADC: 0]  [T: 1]-[ADC: 0]
C5-3 | [LD17]  [T: 0]-[ADC: 0]  [T: 1]-[ADC: 0]
C5-4 | [LD23]  [T: 0]-[ADC: 0]  [T: 1]-[ADC: 0]
C5-5 | [LD29]  [T: 0]-[ADC: 0]  [T: 1]-[ADC: 0]
C5-6 | [LD35]  [T: 0]-[ADC: 0]  [T: 1]-[ADC: 0]
C6-1 | [LD06]  [T: 0]-[ADC: 0]  [T: 1]-[ADC: 0]
C6-2 | [LD12]  [T: 0]-[ADC: 0]  [T: 1]-[ADC: 0]
C6-3 | [LD18]  [T: 0]-[ADC: 0]  [T: 1]-[ADC: 0]
C6-4 | [LD24]  [T: 0]-[ADC: 0]  [T: 1]-[ADC: 0]
C6-5 | [LD30]  [T: 0]-[ADC: 0]  [T: 1]-[ADC: 0]
C6-6 | [LD36]  [T: 0]-[ADC: 0]  [T: 1]-[ADC: 0]
Temp BMP390 = [0] 
 | NTC[0] = [FAIL]
 | NTC[1] = [FAIL]
 | NTC[2] = [FAIL]
 | NTC[3] = [FAIL]
 | NTC[4] = [FAIL]
 | NTC[5] = [FAIL]
 | NTC[6] = [FAIL]
 | NTC[7] = [FAIL]
C1-1 | [LD01]  [T: 0]-[ADC: 0]  [T: 1]-[ADC: 0]
C1-2 | [LD07]  [T: 0]-[ADC: 0]  [T: 1]-[ADC: 0]
C1-3 | [LD13]  [T: 0]-[ADC: 0]  [T: 1]-[ADC: 0]
C1-4 | [LD19]  [T: 0]-[ADC: 0]  [T: 1]-[ADC: 0]
C1-5 | [LD25]  [T: 0]-[ADC: 0]  [T: 1]-[ADC: 0]
C1-6 | [LD31]  [T: 0]-[ADC: 0]  [T: 1]-[ADC: 0]
C2-1 | [LD02]  [T: 0]-[ADC: 0]  [T: 1]-[ADC: 0]
C2-2 | [LD08]  [T: 0]-[ADC: 0]  [T: 1]-[ADC: 0]
C2-3 | [LD14]  [T: 0]-[ADC: 0]  [T: 1]-[ADC: 0]
C2-4 | [LD20]  [T: 0]-[ADC: 0]  [T: 1]-[ADC: 0]
C2-5 | [LD26]  [T: 0]-[ADC: 0]  [T: 1]-[ADC: 0]
C2-6 | [LD32]  [T: 0]-[ADC: 0]  [T: 1]-[ADC: 0]
C3-1 | [LD03]  [T: 0]-[ADC: 0]  [T: 1]-[ADC: 0]
C3-2 | [LD09]  [T: 0]-[ADC: 0]  [T: 1]-[ADC: 0]
C3-3 | [LD15]  [T: 0]-[ADC: 0]  [T: 1]-[ADC: 0]
C3-4 | [LD21]  [T: 0]-[ADC: 0]  [T: 1]-[ADC: 0]
C3-5 | [LD27]  [T: 0]-[ADC: 0]  [T: 1]-[ADC: 0]
C3-6 | [LD33]  [T: 0]-[ADC: 0]  [T: 1]-[ADC: 0]
C4-1 | [LD04]  [T: 0]-[ADC: 0]  [T: 1]-[ADC: 0]
C4-2 | [LD10]  [T: 0]-[ADC: 0]  [T: 1]-[ADC: 0]
C4-3 | [LD16]  [T: 0]-[ADC: 0]  [T: 1]-[ADC: 0]
C4-4 | [LD22]  [T: 0]-[ADC: 0]  [T: 1]-[ADC: 0]
C4-5 | [LD28]  [T: 0]-[ADC: 0]  [T: 1]-[ADC: 0]
C4-6 | [LD34]  [T: 0]-[ADC: 0]  [T: 1]-[ADC: 0]
C5-1 | [LD05]  [T: 0]-[ADC: 0]  [T: 1]-[ADC: 0]
C5-2 | [LD11]  [T: 0]-[ADC: 0]  [T: 1]-[ADC: 0]
C5-3 | [LD17]  [T: 0]-[ADC: 0]  [T: 1]-[ADC: 0]
C5-4 | [LD23]  [T: 0]-[ADC: 0]  [T: 1]-[ADC: 0]
C5-5 | [LD29]  [T: 0]-[ADC: 0]  [T: 1]-[ADC: 0]
C5-6 | [LD35]  [T: 0]-[ADC: 0]  [T: 1]-[ADC: 0]
C6-1 | [LD06]  [T: 0]-[ADC: 0]  [T: 1]-[ADC: 0]
C6-2 | [LD12]  [T: 0]-[ADC: 0]  [T: 1]-[ADC: 0]
C6-3 | [LD18]  [T: 0]-[ADC: 0]  [T: 1]-[ADC: 0]
C6-4 | [LD24]  [T: 0]-[ADC: 0]  [T: 1]-[ADC: 0]
C6-5 | [LD30]  [T: 0]-[ADC: 0]  [T: 1]-[ADC: 0]
C6-6 | [LD36]  [T: 0]-[ADC: 0]  [T: 1]-[ADC: 0]
Temp BMP390 = [0] 
 | NTC[0] = [FAIL]
 | NTC[1] = [FAIL]
 | NTC[2] = [FAIL]
 | NTC[3] = [FAIL]
 | NTC[4] = [FAIL]
 | NTC[5] = [FAIL]
 | NTC[6] = [FAIL]
 | NTC[7] = [FAIL]
C1-1 | [LD01]  [T: 0]-[ADC: 0]  [T: 1]-[ADC: 0]
C1-2 | [LD07]  [T: 0]-[ADC: 0]  [T: 1]-[ADC: 0]
C1-3 | [LD13]  [T: 0]-[ADC: 0]  [T: 1]-[ADC: 0]
C1-4 | [LD19]  [T: 0]-[ADC: 0]  [T: 1]-[ADC: 0]
C1-5 | [LD25]  [T: 0]-[ADC: 0]  [T: 1]-[ADC: 0]
C1-6 | [LD31]  [T: 0]-[ADC: 0]  [T: 1]-[ADC: 0]
C2-1 | [LD02]  [T: 0]-[ADC: 0]  [T: 1]-[ADC: 0]
C2-2 | [LD08]  [T: 0]-[ADC: 0]  [T: 1]-[ADC: 0]
C2-3 | [LD14]  [T: 0]-[ADC: 0]  [T: 1]-[ADC: 0]
C2-4 | [LD20]  [T: 0]-[ADC: 0]  [T: 1]-[ADC: 0]
C2-5 | [LD26]  [T: 0]-[ADC: 0]  [T: 1]-[ADC: 0]
C2-6 | [LD32]  [T: 0]-[ADC: 0]  [T: 1]-[ADC: 0]
C3-1 | [LD03]  [T: 0]-[ADC: 0]  [T: 1]-[ADC: 0]
C3-2 | [LD09]  [T: 0]-[ADC: 0]  [T: 1]-[ADC: 0]
C3-3 | [LD15]  [T: 0]-[ADC: 0]  [T: 1]-[ADC: 0]
C3-4 | [LD21]  [T: 0]-[ADC: 0]  [T: 1]-[ADC: 0]
C3-5 | [LD27]  [T: 0]-[ADC: 0]  [T: 1]-[ADC: 0]
C3-6 | [LD33]  [T: 0]-[ADC: 0]  [T: 1]-[ADC: 0]
C4-1 | [LD04]  [T: 0]-[ADC: 0]  [T: 1]-[ADC: 0]
C4-2 | [LD10]  [T: 0]-[ADC: 0]  [T: 1]-[ADC: 0]
C4-3 | [LD16]  [T: 0]-[ADC: 0]  [T: 1]-[ADC: 0]
C4-4 | [LD22]  [T: 0]-[ADC: 0]  [T: 1]-[ADC: 0]
C4-5 | [LD28]  [T: 0]-[ADC: 0]  [T: 1]-[ADC: 0]
C4-6 | [LD34]  [T: 0]-[ADC: 0]  [T: 1]-[ADC: 0]
C5-1 | [LD05]  [T: 0]-[ADC: 0]  [T: 1]-[ADC: 0]
C5-2 | [LD11]  [T: 0]-[ADC: 0]  [T: 1]-[ADC: 0]
C5-3 | [LD17]  [T: 0]-[ADC: 0]  [T: 1]-[ADC: 0]
C5-4 | [LD23]  [T: 0]-[ADC: 0]  [T: 1]-[ADC: 0]
C5-5 | [LD29]  [T: 0]-[ADC: 0]  [T: 1]-[ADC: 0]
C5-6 | [LD35]  [T: 0]-[ADC: 0]  [T: 1]-[ADC: 0]
C6-1 | [LD06]  [T: 0]-[ADC: 0]  [T: 1]-[ADC: 0]
C6-2 | [LD12]  [T: 0]-[ADC: 0]  [T: 1]-[ADC: 0]
C6-3 | [LD18]  [T: 0]-[ADC: 0]  [T: 1]-[ADC: 0]
C6-4 | [LD24]  [T: 0]-[ADC: 0]  [T: 1]-[ADC: 0]
C6-5 | [LD30]  [T: 0]-[ADC: 0]  [T: 1]-[ADC: 0]
C6-6 | [LD36]  [T: 0]-[ADC: 0]  [T: 1]-[ADC: 0]
Temp BMP390 = [0] 
 | NTC[0] = [FAIL]
 | NTC[1] = [FAIL]
 | NTC[2] = [FAIL]
 | NTC[3] = [FAIL]
 | NTC[4] = [FAIL]
 | NTC[5] = [FAIL]
 | NTC[6] = [FAIL]
 | NTC[7] = [FAIL]
C1-1 | [LD01]  [T: 0]-[ADC: 0]  [T: 1]-[ADC: 0]
C1-2 | [LD07]  [T: 0]-[ADC: 0]  [T: 1]-[ADC: 0]
C1-3 | [LD13]  [T: 0]-[ADC: 0]  [T: 1]-[ADC: 0]
C1-4 | [LD19]  [T: 0]-[ADC: 0]  [T: 1]-[ADC: 0]
C1-5 | [LD25]  [T: 0]-[ADC: 0]  [T: 1]-[ADC: 0]
C1-6 | [LD31]  [T: 0]-[ADC: 0]  [T: 1]-[ADC: 0]
C2-1 | [LD02]  [T: 0]-[ADC: 0]  [T: 1]-[ADC: 0]
C2-2 | [LD08]  [T: 0]-[ADC: 0]  [T: 1]-[ADC: 0]
C2-3 | [LD14]  [T: 0]-[ADC: 0]  [T: 1]-[ADC: 0]
C2-4 | [LD20]  [T: 0]-[ADC: 0]  [T: 1]-[ADC: 0]
C2-5 | [LD26]  [T: 0]-[ADC: 0]  [T: 1]-[ADC: 0]
C2-6 | [LD32]  [T: 0]-[ADC: 0]  [T: 1]-[ADC: 0]
C3-1 | [LD03]  [T: 0]-[ADC: 0]  [T: 1]-[ADC: 0]
C3-2 | [LD09]  [T: 0]-[ADC: 0]  [T: 1]-[ADC: 0]
C3-3 | [LD15]  [T: 0]-[ADC: 0]  [T: 1]-[ADC: 0]
C3-4 | [LD21]  [T: 0]-[ADC: 0]  [T: 1]-[ADC: 0]
C3-5 | [LD27]  [T: 0]-[ADC: 0]  [T: 1]-[ADC: 0]
C3-6 | [LD33]  [T: 0]-[ADC: 0]  [T: 1]-[ADC: 0]
C4-1 | [LD04]  [T: 0]-[ADC: 0]  [T: 1]-[ADC: 0]
C4-2 | [LD10]  [T: 0]-[ADC: 0]  [T: 1]-[ADC: 0]
C4-3 | [LD16]  [T: 0]-[ADC: 0]  [T: 1]-[ADC: 0]
C4-4 | [LD22]  [T: 0]-[ADC: 0]  [T: 1]-[ADC: 0]
C4-5 | [LD28]  [T: 0]-[ADC: 0]  [T: 1]-[ADC: 0]
C4-6 | [LD34]  [T: 0]-[ADC: 0]  [T: 1]-[ADC: 0]
C5-1 | [LD05]  [T: 0]-[ADC: 0]  [T: 1]-[ADC: 0]
C5-2 | [LD11]  [T: 0]-[ADC: 0]  [T: 1]-[ADC: 0]
C5-3 | [LD17]  [T: 0]-[ADC: 0]  [T: 1]-[ADC: 0]
C5-4 | [LD23]  [T: 0]-[ADC: 0]  [T: 1]-[ADC: 0]
C5-5 | [LD29]  [T: 0]-[ADC: 0]  [T: 1]-[ADC: 0]
C5-6 | [LD35]  [T: 0]-[ADC: 0]  [T: 1]-[ADC: 0]
C6-1 | [LD06]  [T: 0]-[ADC: 0]  [T: 1]-[ADC: 0]
C6-2 | [LD12]  [T: 0]-[ADC: 0]  [T: 1]-[ADC: 0]
C6-3 | [LD18]  [T: 0]-[ADC: 0]  [T: 1]-[ADC: 0]
C6-4 | [LD24]  [T: 0]-[ADC: 0]  [T: 1]-[ADC: 0]
C6-5 | [LD30]  [T: 0]-[ADC: 0]  [T: 1]-[ADC: 0]
C6-6 | [LD36]  [T: 0]-[ADC: 0]  [T: 1]-[ADC: 0]
Temp BMP390 = [0] 
 | NTC[0] = [FAIL]
 | NTC[1] = [FAIL]
 | NTC[2] = [FAIL]
 | NTC[3] = [FAIL]
 | NTC[4] = [FAIL]
 | NTC[5] = [FAIL]
 | NTC[6] = [FAIL]
 | NTC[7] = [FAIL]
C1-1 | [LD01]  [T: 0]-[ADC: 0]  [T: 1]-[ADC: 0]
C1-2 | [LD07]  [T: 0]-[ADC: 0]  [T: 1]-[ADC: 0]
C1-3 | [LD13]  [T: 0]-[ADC: 0]  [T: 1]-[ADC: 0]
C1-4 | [LD19]  [T: 0]-[ADC: 0]  [T: 1]-[ADC: 0]
C1-5 | [LD25]  [T: 0]-[ADC: 0]  [T: 1]-[ADC: 0]
C1-6 | [LD31]  [T: 0]-[ADC: 0]  [T: 1]-[ADC: 0]
C2-1 | [LD02]  [T: 0]-[ADC: 0]  [T: 1]-[ADC: 0]
C2-2 | [LD08]  [T: 0]-[ADC: 0]  [T: 1]-[ADC: 0]
C2-3 | [LD14]  [T: 0]-[ADC: 0]  [T: 1]-[ADC: 0]
C2-4 | [LD20]  [T: 0]-[ADC: 0]  [T: 1]-[ADC: 0]
C2-5 | [LD26]  [T: 0]-[ADC: 0]  [T: 1]-[ADC: 0]
C2-6 | [LD32]  [T: 0]-[ADC: 0]  [T: 1]-[ADC: 0]
C3-1 | [LD03]  [T: 0]-[ADC: 0]  [T: 1]-[ADC: 0]
C3-2 | [LD09]  [T: 0]-[ADC: 0]  [T: 1]-[ADC: 0]
C3-3 | [LD15]  [T: 0]-[ADC: 0]  [T: 1]-[ADC: 0]
C3-4 | [LD21]  [T: 0]-[ADC: 0]  [T: 1]-[ADC: 0]
C3-5 | [LD27]  [T: 0]-[ADC: 0]  [T: 1]-[ADC: 0]
C3-6 | [LD33]  [T: 0]-[ADC: 0]  [T: 1]-[ADC: 0]
C4-1 | [LD04]  [T: 0]-[ADC: 0]  [T: 1]-[ADC: 0]
C4-2 | [LD10]  [T: 0]-[ADC: 0]  [T: 1]-[ADC: 0]
C4-3 | [LD16]  [T: 0]-[ADC: 0]  [T: 1]-[ADC: 0]
C4-4 | [LD22]  [T: 0]-[ADC: 0]  [T: 1]-[ADC: 0]
C4-5 | [LD28]  [T: 0]-[ADC: 0]  [T: 1]-[ADC: 0]
C4-6 | [LD34]  [T: 0]-[ADC: 0]  [T: 1]-[ADC: 0]
C5-1 | [LD05]  [T: 0]-[ADC: 0]  [T: 1]-[ADC: 0]
C5-2 | [LD11]  [T: 0]-[ADC: 0]  [T: 1]-[ADC: 0]
C5-3 | [LD17]  [T: 0]-[ADC: 0]  [T: 1]-[ADC: 0]
C5-4 | [LD23]  [T: 0]-[ADC: 0]  [T: 1]-[ADC: 0]
C5-5 | [LD29]  [T: 0]-[ADC: 0]  [T: 1]-[ADC: 0]
C5-6 | [LD35]  [T: 0]-[ADC: 0]  [T: 1]-[ADC: 0]
C6-1 | [LD06]  [T: 0]-[ADC: 0]  [T: 1]-[ADC: 0]
C6-2 | [LD12]  [T: 0]-[ADC: 0]  [T: 1]-[ADC: 0]
C6-3 | [LD18]  [T: 0]-[ADC: 0]  [T: 1]-[ADC: 0]
C6-4 | [LD24]  [T: 0]-[ADC: 0]  [T: 1]-[ADC: 0]
C6-5 | [LD30]  [T: 0]-[ADC: 0]  [T: 1]-[ADC: 0]
C6-6 | [LD36]  [T: 0]-[ADC: 0]  [T: 1]-[ADC: 0]
Temp BMP390 = [0] 
 | NTC[0] = [FAIL]
 | NTC[1] = [FAIL]
 | NTC[2] = [FAIL]
 | NTC[3] = [FAIL]
 | NTC[4] = [FAIL]
 | NTC[5] = [FAIL]
 | NTC[6] = [FAIL]
 | NTC[7] = [FAIL]
C1-1 | [LD01]  [T: 0]-[ADC: 0]  [T: 1]-[ADC: 0]
C1-2 | [LD07]  [T: 0]-[ADC: 0]  [T: 1]-[ADC: 0]
C1-3 | [LD13]  [T: 0]-[ADC: 0]  [T: 1]-[ADC: 0]
C1-4 | [LD19]  [T: 0]-[ADC: 0]  [T: 1]-[ADC: 0]
C1-5 | [LD25]  [T: 0]-[ADC: 0]  [T: 1]-[ADC: 0]
C1-6 | [LD31]  [T: 0]-[ADC: 0]  [T: 1]-[ADC: 0]
C2-1 | [LD02]  [T: 0]-[ADC: 0]  [T: 1]-[ADC: 0]
C2-2 | [LD08]  [T: 0]-[ADC: 0]  [T: 1]-[ADC: 0]
C2-3 | [LD14]  [T: 0]-[ADC: 0]  [T: 1]-[ADC: 0]
C2-4 | [LD20]  [T: 0]-[ADC: 0]  [T: 1]-[ADC: 0]
C2-5 | [LD26]  [T: 0]-[ADC: 0]  [T: 1]-[ADC: 0]
C2-6 | [LD32]  [T: 0]-[ADC: 0]  [T: 1]-[ADC: 0]
C3-1 | [LD03]  [T: 0]-[ADC: 0]  [T: 1]-[ADC: 0]
C3-2 | [LD09]  [T: 0]-[ADC: 0]  [T: 1]-[ADC: 0]
C3-3 | [LD15]  [T: 0]-[ADC: 0]  [T: 1]-[ADC: 0]
C3-4 | [LD21]  [T: 0]-[ADC: 0]  [T: 1]-[ADC: 0]
C3-5 | [LD27]  [T: 0]-[ADC: 0]  [T: 1]-[ADC: 0]
C3-6 | [LD33]  [T: 0]-[ADC: 0]  [T: 1]-[ADC: 0]
C4-1 | [LD04]  [T: 0]-[ADC: 0]  [T: 1]-[ADC: 0]
C4-2 | [LD10]  [T: 0]-[ADC: 0]  [T: 1]-[ADC: 0]
C4-3 | [LD16]  [T: 0]-[ADC: 0]  [T: 1]-[ADC: 0]
C4-4 | [LD22]  [T: 0]-[ADC: 0]  [T: 1]-[ADC: 0]
C4-5 | [LD28]  [T: 0]-[ADC: 0]  [T: 1]-[ADC: 0]
C4-6 | [LD34]  [T: 0]-[ADC: 0]  [T: 1]-[ADC: 0]
C5-1 | [LD05]  [T: 0]-[ADC: 0]  [T: 1]-[ADC: 0]
C5-2 | [LD11]  [T: 0]-[ADC: 0]  [T: 1]-[ADC: 0]
C5-3 | [LD17]  [T: 0]-[ADC: 0]  [T: 1]-[ADC: 0]
C5-4 | [LD23]  [T: 0]-[ADC: 0]  [T: 1]-[ADC: 0]
C5-5 | [LD29]  [T: 0]-[ADC: 0]  [T: 1]-[ADC: 0]
C5-6 | [LD35]  [T: 0]-[ADC: 0]  [T: 1]-[ADC: 0]
C6-1 | [LD06]  [T: 0]-[ADC: 0]  [T: 1]-[ADC: 0]
C6-2 | [LD12]  [T: 0]-[ADC: 0]  [T: 1]-[ADC: 0]
C6-3 | [LD18]  [T: 0]-[ADC: 0]  [T: 1]-[ADC: 0]
C6-4 | [LD24]  [T: 0]-[ADC: 0]  [T: 1]-[ADC: 0]
C6-5 | [LD30]  [T: 0]-[ADC: 0]  [T: 1]-[ADC: 0]
C6-6 | [LD36]  [T: 0]-[ADC: 0]  [T: 1]-[ADC: 0]
Temp BMP390 = [0] 
 | NTC[0] = [FAIL]
 | NTC[1] = [FAIL]
 | NTC[2] = [FAIL]
 | NTC[3] = [FAIL]
 | NTC[4] = [FAIL]
 | NTC[5] = [FAIL]
 | NTC[6] = [FAIL]
 | NTC[7] = [FAIL]
C1-1 | [LD01]  [T: 0]-[ADC: 0]  [T: 1]-[ADC: 0]
C1-2 | [LD07]  [T: 0]-[ADC: 0]  [T: 1]-[ADC: 0]
C1-3 | [LD13]  [T: 0]-[ADC: 0]  [T: 1]-[ADC: 0]
C1-4 | [LD19]  [T: 0]-[ADC: 0]  [T: 1]-[ADC: 0]
C1-5 | [LD25]  [T: 0]-[ADC: 0]  [T: 1]-[ADC: 0]
C1-6 | [LD31]  [T: 0]-[ADC: 0]  [T: 1]-[ADC: 0]
C2-1 | [LD02]  [T: 0]-[ADC: 0]  [T: 1]-[ADC: 0]
C2-2 | [LD08]  [T: 0]-[ADC: 0]  [T: 1]-[ADC: 0]
C2-3 | [LD14]  [T: 0]-[ADC: 0]  [T: 1]-[ADC: 0]
C2-4 | [LD20]  [T: 0]-[ADC: 0]  [T: 1]-[ADC: 0]
C2-5 | [LD26]  [T: 0]-[ADC: 0]  [T: 1]-[ADC: 0]
C2-6 | [LD32]  [T: 0]-[ADC: 0]  [T: 1]-[ADC: 0]
C3-1 | [LD03]  [T: 0]-[ADC: 0]  [T: 1]-[ADC: 0]
C3-2 | [LD09]  [T: 0]-[ADC: 0]  [T: 1]-[ADC: 0]
C3-3 | [LD15]  [T: 0]-[ADC: 0]  [T: 1]-[ADC: 0]
C3-4 | [LD21]  [T: 0]-[ADC: 0]  [T: 1]-[ADC: 0]
C3-5 | [LD27]  [T: 0]-[ADC: 0]  [T: 1]-[ADC: 0]
C3-6 | [LD33]  [T: 0]-[ADC: 0]  [T: 1]-[ADC: 0]
C4-1 | [LD04]  [T: 0]-[ADC: 0]  [T: 1]-[ADC: 0]
C4-2 | [LD10]  [T: 0]-[ADC: 0]  [T: 1]-[ADC: 0]
C4-3 | [LD16]  [T: 0]-[ADC: 0]  [T: 1]-[ADC: 0]
C4-4 | [LD22]  [T: 0]-[ADC: 0]  [T: 1]-[ADC: 0]
C4-5 | [LD28]  [T: 0]-[ADC: 0]  [T: 1]-[ADC: 0]
C4-6 | [LD34]  [T: 0]-[ADC: 0]  [T: 1]-[ADC: 0]
C5-1 | [LD05]  [T: 0]-[ADC: 0]  [T: 1]-[ADC: 0]
C5-2 | [LD11]  [T: 0]-[ADC: 0]  [T: 1]-[ADC: 0]
C5-3 | [LD17]  [T: 0]-[ADC: 0]  [T: 1]-[ADC: 0]
C5-4 | [LD23]  [T: 0]-[ADC: 0]  [T: 1]-[ADC: 0]
C5-5 | [LD29]  [T: 0]-[ADC: 0]  [T: 1]-[ADC: 0]
C5-6 | [LD35]  [T: 0]-[ADC: 0]  [T: 1]-[ADC: 0]
C6-1 | [LD06]  [T: 0]-[ADC: 0]  [T: 1]-[ADC: 0]
C6-2 | [LD12]  [T: 0]-[ADC: 0]  [T: 1]-[ADC: 0]
C6-3 | [LD18]  [T: 0]-[ADC: 0]  [T: 1]-[ADC: 0]
C6-4 | [LD24]  [T: 0]-[ADC: 0]  [T: 1]-[ADC: 0]
C6-5 | [LD30]  [T: 0]-[ADC: 0]  [T: 1]-[ADC: 0]
C6-6 | [LD36]  [T: 0]-[ADC: 0]  [T: 1]-[ADC: 0]
Temp BMP390 = [0] 
 | NTC[0] = [FAIL]
 | NTC[1] = [FAIL]
 | NTC[2] = [FAIL]
 | NTC[3] = [FAIL]
 | NTC[4] = [FAIL]
 | NTC[5] = [FAIL]
 | NTC[6] = [FAIL]
 | NTC[7] = [FAIL]
C1-1 | [LD01]  [T: 0]-[ADC: 0]  [T: 1]-[ADC: 0]
C1-2 | [LD07]  [T: 0]-[ADC: 0]  [T: 1]-[ADC: 0]
C1-3 | [LD13]  [T: 0]-[ADC: 0]  [T: 1]-[ADC: 0]
C1-4 | [LD19]  [T: 0]-[ADC: 0]  [T: 1]-[ADC: 0]
C1-5 | [LD25]  [T: 0]-[ADC: 0]  [T: 1]-[ADC: 0]
C1-6 | [LD31]  [T: 0]-[ADC: 0]  [T: 1]-[ADC: 0]
C2-1 | [LD02]  [T: 0]-[ADC: 0]  [T: 1]-[ADC: 0]
C2-2 | [LD08]  [T: 0]-[ADC: 0]  [T: 1]-[ADC: 0]
C2-3 | [LD14]  [T: 0]-[ADC: 0]  [T: 1]-[ADC: 0]
C2-4 | [LD20]  [T: 0]-[ADC: 0]  [T: 1]-[ADC: 0]
C2-5 | [LD26]  [T: 0]-[ADC: 0]  [T: 1]-[ADC: 0]
C2-6 | [LD32]  [T: 0]-[ADC: 0]  [T: 1]-[ADC: 0]
C3-1 | [LD03]  [T: 0]-[ADC: 0]  [T: 1]-[ADC: 0]
C3-2 | [LD09]  [T: 0]-[ADC: 0]  [T: 1]-[ADC: 0]
C3-3 | [LD15]  [T: 0]-[ADC: 0]  [T: 1]-[ADC: 0]
C3-4 | [LD21]  [T: 0]-[ADC: 0]  [T: 1]-[ADC: 0]
C3-5 | [LD27]  [T: 0]-[ADC: 0]  [T: 1]-[ADC: 0]
C3-6 | [LD33]  [T: 0]-[ADC: 0]  [T: 1]-[ADC: 0]
C4-1 | [LD04]  [T: 0]-[ADC: 0]  [T: 1]-[ADC: 0]
C4-2 | [LD10]  [T: 0]-[ADC: 0]  [T: 1]-[ADC: 0]
C4-3 | [LD16]  [T: 0]-[ADC: 0]  [T: 1]-[ADC: 0]
C4-4 | [LD22]  [T: 0]-[ADC: 0]  [T: 1]-[ADC: 0]
C4-5 | [LD28]  [T: 0]-[ADC: 0]  [T: 1]-[ADC: 0]
C4-6 | [LD34]  [T: 0]-[ADC: 0]  [T: 1]-[ADC: 0]
C5-1 | [LD05]  [T: 0]-[ADC: 0]  [T: 1]-[ADC: 0]
C5-2 | [LD11]  [T: 0]-[ADC: 0]  [T: 1]-[ADC: 0]
C5-3 | [LD17]  [T: 0]-[ADC: 0]  [T: 1]-[ADC: 0]
C5-4 | [LD23]  [T: 0]-[ADC: 0]  [T: 1]-[ADC: 0]
C5-5 | [LD29]  [T: 0]-[ADC: 0]  [T: 1]-[ADC: 0]
C5-6 | [LD35]  [T: 0]-[ADC: 0]  [T: 1]-[ADC: 0]
C6-1 | [LD06]  [T: 0]-[ADC: 0]  [T: 1]-[ADC: 0]
C6-2 | [LD12]  [T: 0]-[ADC: 0]  [T: 1]-[ADC: 0]
C6-3 | [LD18]  [T: 0]-[ADC: 0]  [T: 1]-[ADC: 0]
C6-4 | [LD24]  [T: 0]-[ADC: 0]  [T: 1]-[ADC: 0]
C6-5 | [LD30]  [T: 0]-[ADC: 0]  [T: 1]-[ADC: 0]
C6-6 | [LD36]  [T: 0]-[ADC: 0]  [T: 1]-[ADC: 0]
Temp BMP390 = [0] 
 | NTC[0] = [FAIL]
 | NTC[1] = [FAIL]
 | NTC[2] = [FAIL]
 | NTC[3] = [FAIL]
 | NTC[4] = [FAIL]
 | NTC[5] = [FAIL]
 | NTC[6] = [FAIL]
 | NTC[7] = [FAIL]
C1-1 | [LD01]  [T: 0]-[ADC: 0]  [T: 1]-[ADC: 0]
C1-2 | [LD07]  [T: 0]-[ADC: 0]  [T: 1]-[ADC: 0]
C1-3 | [LD13]  [T: 0]-[ADC: 0]  [T: 1]-[ADC: 0]
C1-4 | [LD19]  [T: 0]-[ADC: 0]  [T: 1]-[ADC: 0]
C1-5 | [LD25]  [T: 0]-[ADC: 0]  [T: 1]-[ADC: 0]
C1-6 | [LD31]  [T: 0]-[ADC: 0]  [T: 1]-[ADC: 0]
C2-1 | [LD02]  [T: 0]-[ADC: 0]  [T: 1]-[ADC: 0]
C2-2 | [LD08]  [T: 0]-[ADC: 0]  [T: 1]-[ADC: 0]
C2-3 | [LD14]  [T: 0]-[ADC: 0]  [T: 1]-[ADC: 0]
C2-4 | [LD20]  [T: 0]-[ADC: 0]  [T: 1]-[ADC: 0]
C2-5 | [LD26]  [T: 0]-[ADC: 0]  [T: 1]-[ADC: 0]
C2-6 | [LD32]  [T: 0]-[ADC: 0]  [T: 1]-[ADC: 0]
C3-1 | [LD03]  [T: 0]-[ADC: 0]  [T: 1]-[ADC: 0]
C3-2 | [LD09]  [T: 0]-[ADC: 0]  [T: 1]-[ADC: 0]
C3-3 | [LD15]  [T: 0]-[ADC: 0]  [T: 1]-[ADC: 0]
C3-4 | [LD21]  [T: 0]-[ADC: 0]  [T: 1]-[ADC: 0]
C3-5 | [LD27]  [T: 0]-[ADC: 0]  [T: 1]-[ADC: 0]
C3-6 | [LD33]  [T: 0]-[ADC: 0]  [T: 1]-[ADC: 0]
C4-1 | [LD04]  [T: 0]-[ADC: 0]  [T: 1]-[ADC: 0]
C4-2 | [LD10]  [T: 0]-[ADC: 0]  [T: 1]-[ADC: 0]
C4-3 | [LD16]  [T: 0]-[ADC: 0]  [T: 1]-[ADC: 0]
C4-4 | [LD22]  [T: 0]-[ADC: 0]  [T: 1]-[ADC: 0]
C4-5 | [LD28]  [T: 0]-[ADC: 0]  [T: 1]-[ADC: 0]
C4-6 | [LD34]  [T: 0]-[ADC: 0]  [T: 1]-[ADC: 0]
C5-1 | [LD05]  [T: 0]-[ADC: 0]  [T: 1]-[ADC: 0]
C5-2 | [LD11]  [T: 0]-[ADC: 0]  [T: 1]-[ADC: 0]
C5-3 | [LD17]  [T: 0]-[ADC: 0]  [T: 1]-[ADC: 0]
C5-4 | [LD23]  [T: 0]-[ADC: 0]  [T: 1]-[ADC: 0]
C5-5 | [LD29]  [T: 0]-[ADC: 0]  [T: 1]-[ADC: 0]
C5-6 | [LD35]  [T: 0]-[ADC: 0]  [T: 1]-[ADC: 0]
C6-1 | [LD06]  [T: 0]-[ADC: 0]  [T: 1]-[ADC: 0]
C6-2 | [LD12]  [T: 0]-[ADC: 0]  [T: 1]-[ADC: 0]
C6-3 | [LD18]  [T: 0]-[ADC: 0]  [T: 1]-[ADC: 0]
C6-4 | [LD24]  [T: 0]-[ADC: 0]  [T: 1]-[ADC: 0]
C6-5 | [LD30]  [T: 0]-[ADC: 0]  [T: 1]-[ADC: 0]
C6-6 | [LD36]  [T: 0]-[ADC: 0]  [T: 1]-[ADC: 0]
Temp BMP390 = [0] 
 | NTC[0] = [FAIL]
 | NTC[1] = [FAIL]
 | NTC[2] = [FAIL]
 | NTC[3] = [FAIL]
 | NTC[4] = [FAIL]
 | NTC[5] = [FAIL]
 | NTC[6] = [FAIL]
 | NTC[7] = [FAIL]
C1-1 | [LD01]  [T: 0]-[ADC: 0]  [T: 1]-[ADC: 0]
C1-2 | [LD07]  [T: 0]-[ADC: 0]  [T: 1]-[ADC: 0]
C1-3 | [LD13]  [T: 0]-[ADC: 0]  [T: 1]-[ADC: 0]
C1-4 | [LD19]  [T: 0]-[ADC: 0]  [T: 1]-[ADC: 0]
C1-5 | [LD25]  [T: 0]-[ADC: 0]  [T: 1]-[ADC: 0]
C1-6 | [LD31]  [T: 0]-[ADC: 0]  [T: 1]-[ADC: 0]
C2-1 | [LD02]  [T: 0]-[ADC: 0]  [T: 1]-[ADC: 0]
C2-2 | [LD08]  [T: 0]-[ADC: 0]  [T: 1]-[ADC: 0]
C2-3 | [LD14]  [T: 0]-[ADC: 0]  [T: 1]-[ADC: 0]
C2-4 | [LD20]  [T: 0]-[ADC: 0]  [T: 1]-[ADC: 0]
C2-5 | [LD26]  [T: 0]-[ADC: 0]  [T: 1]-[ADC: 0]
C2-6 | [LD32]  [T: 0]-[ADC: 0]  [T: 1]-[ADC: 0]
C3-1 | [LD03]  [T: 0]-[ADC: 0]  [T: 1]-[ADC: 0]
C3-2 | [LD09]  [T: 0]-[ADC: 0]  [T: 1]-[ADC: 0]
C3-3 | [LD15]  [T: 0]-[ADC: 0]  [T: 1]-[ADC: 0]
C3-4 | [LD21]  [T: 0]-[ADC: 0]  [T: 1]-[ADC: 0]
C3-5 | [LD27]  [T: 0]-[ADC: 0]  [T: 1]-[ADC: 0]
C3-6 | [LD33]  [T: 0]-[ADC: 0]  [T: 1]-[ADC: 0]
C4-1 | [LD04]  [T: 0]-[ADC: 0]  [T: 1]-[ADC: 0]
C4-2 | [LD10]  [T: 0]-[ADC: 0]  [T: 1]-[ADC: 0]
C4-3 | [LD16]  [T: 0]-[ADC: 0]  [T: 1]-[ADC: 0]
C4-4 | [LD22]  [T: 0]-[ADC: 0]  [T: 1]-[ADC: 0]
C4-5 | [LD28]  [T: 0]-[ADC: 0]  [T: 1]-[ADC: 0]
C4-6 | [LD34]  [T: 0]-[ADC: 0]  [T: 1]-[ADC: 0]
C5-1 | [LD05]  [T: 0]-[ADC: 0]  [T: 1]-[ADC: 0]
C5-2 | [LD11]  [T: 0]-[ADC: 0]  [T: 1]-[ADC: 0]
C5-3 | [LD17]  [T: 0]-[ADC: 0]  [T: 1]-[ADC: 0]
C5-4 | [LD23]  [T: 0]-[ADC: 0]  [T: 1]-[ADC: 0]
C5-5 | [LD29]  [T: 0]-[ADC: 0]  [T: 1]-[ADC: 0]
C5-6 | [LD35]  [T: 0]-[ADC: 0]  [T: 1]-[ADC: 0]
C6-1 | [LD06]  [T: 0]-[ADC: 0]  [T: 1]-[ADC: 0]
C6-2 | [LD12]  [T: 0]-[ADC: 0]  [T: 1]-[ADC: 0]
C6-3 | [LD18]  [T: 0]-[ADC: 0]  [T: 1]-[ADC: 0]
C6-4 | [LD24]  [T: 0]-[ADC: 0]  [T: 1]-[ADC: 0]
C6-5 | [LD30]  [T: 0]-[ADC: 0]  [T: 1]-[ADC: 0]
C6-6 | [LD36]  [T: 0]-[ADC: 0]  [T: 1]-[ADC: 0]
Temp BMP390 = [0] 
 | NTC[0] = [FAIL]
 | NTC[1] = [FAIL]
 | NTC[2] = [FAIL]
 | NTC[3] = [FAIL]
 | NTC[4] = [FAIL]
 | NTC[5] = [FAIL]
 | NTC[6] = [FAIL]
 | NTC[7] = [FAIL]
C1-1 | [LD01]  [T: 0]-[ADC: 0]  [T: 1]-[ADC: 0]
C1-2 | [LD07]  [T: 0]-[ADC: 0]  [T: 1]-[ADC: 0]
C1-3 | [LD13]  [T: 0]-[ADC: 0]  [T: 1]-[ADC: 0]
C1-4 | [LD19]  [T: 0]-[ADC: 0]  [T: 1]-[ADC: 0]
C1-5 | [LD25]  [T: 0]-[ADC: 0]  [T: 1]-[ADC: 0]
C1-6 | [LD31]  [T: 0]-[ADC: 0]  [T: 1]-[ADC: 0]
C2-1 | [LD02]  [T: 0]-[ADC: 0]  [T: 1]-[ADC: 0]
C2-2 | [LD08]  [T: 0]-[ADC: 0]  [T: 1]-[ADC: 0]
C2-3 | [LD14]  [T: 0]-[ADC: 0]  [T: 1]-[ADC: 0]
C2-4 | [LD20]  [T: 0]-[ADC: 0]  [T: 1]-[ADC: 0]
C2-5 | [LD26]  [T: 0]-[ADC: 0]  [T: 1]-[ADC: 0]
C2-6 | [LD32]  [T: 0]-[ADC: 0]  [T: 1]-[ADC: 0]
C3-1 | [LD03]  [T: 0]-[ADC: 0]  [T: 1]-[ADC: 0]
C3-2 | [LD09]  [T: 0]-[ADC: 0]  [T: 1]-[ADC: 0]
C3-3 | [LD15]  [T: 0]-[ADC: 0]  [T: 1]-[ADC: 0]
C3-4 | [LD21]  [T: 0]-[ADC: 0]  [T: 1]-[ADC: 0]
C3-5 | [LD27]  [T: 0]-[ADC: 0]  [T: 1]-[ADC: 0]
C3-6 | [LD33]  [T: 0]-[ADC: 0]  [T: 1]-[ADC: 0]
C4-1 | [LD04]  [T: 0]-[ADC: 0]  [T: 1]-[ADC: 0]
C4-2 | [LD10]  [T: 0]-[ADC: 0]  [T: 1]-[ADC: 0]
C4-3 | [LD16]  [T: 0]-[ADC: 0]  [T: 1]-[ADC: 0]
C4-4 | [LD22]  [T: 0]-[ADC: 0]  [T: 1]-[ADC: 0]
C4-5 | [LD28]  [T: 0]-[ADC: 0]  [T: 1]-[ADC: 0]
C4-6 | [LD34]  [T: 0]-[ADC: 0]  [T: 1]-[ADC: 0]
C5-1 | [LD05]  [T: 0]-[ADC: 0]  [T: 1]-[ADC: 0]
C5-2 | [LD11]  [T: 0]-[ADC: 0]  [T: 1]-[ADC: 0]
C5-3 | [LD17]  [T: 0]-[ADC: 0]  [T: 1]-[ADC: 0]
C5-4 | [LD23]  [T: 0]-[ADC: 0]  [T: 1]-[ADC: 0]
C5-5 | [LD29]  [T: 0]-[ADC: 0]  [T: 1]-[ADC: 0]
C5-6 | [LD35]  [T: 0]-[ADC: 0]  [T: 1]-[ADC: 0]
C6-1 | [LD06]  [T: 0]-[ADC: 0]  [T: 1]-[ADC: 0]
C6-2 | [LD12]  [T: 0]-[ADC: 0]  [T: 1]-[ADC: 0]
C6-3 | [LD18]  [T: 0]-[ADC: 0]  [T: 1]-[ADC: 0]
C6-4 | [LD24]  [T: 0]-[ADC: 0]  [T: 1]-[ADC: 0]
C6-5 | [LD30]  [T: 0]-[ADC: 0]  [T: 1]-[ADC: 0]
C6-6 | [LD36]  [T: 0]-[ADC: 0]  [T: 1]-[ADC: 0]
Temp BMP390 = [0] 
 | NTC[0] = [FAIL]
 | NTC[1] = [FAIL]
 | NTC[2] = [FAIL]
 | NTC[3] = [FAIL]
 | NTC[4] = [FAIL]
 | NTC[5] = [FAIL]
 | NTC[6] = [FAIL]
 | NTC[7] = [FAIL]
C1-1 | [LD01]  [T: 0]-[ADC: 0]  [T: 1]-[ADC: 0]
C1-2 | [LD07]  [T: 0]-[ADC: 0]  [T: 1]-[ADC: 0]
C1-3 | [LD13]  [T: 0]-[ADC: 0]  [T: 1]-[ADC: 0]
C1-4 | [LD19]  [T: 0]-[ADC: 0]  [T: 1]-[ADC: 0]
C1-5 | [LD25]  [T: 0]-[ADC: 0]  [T: 1]-[ADC: 0]
C1-6 | [LD31]  [T: 0]-[ADC: 0]  [T: 1]-[ADC: 0]
C2-1 | [LD02]  [T: 0]-[ADC: 0]  [T: 1]-[ADC: 0]
C2-2 | [LD08]  [T: 0]-[ADC: 0]  [T: 1]-[ADC: 0]
C2-3 | [LD14]  [T: 0]-[ADC: 0]  [T: 1]-[ADC: 0]
C2-4 | [LD20]  [T: 0]-[ADC: 0]  [T: 1]-[ADC: 0]
C2-5 | [LD26]  [T: 0]-[ADC: 0]  [T: 1]-[ADC: 0]
C2-6 | [LD32]  [T: 0]-[ADC: 0]  [T: 1]-[ADC: 0]
C3-1 | [LD03]  [T: 0]-[ADC: 0]  [T: 1]-[ADC: 0]
C3-2 | [LD09]  [T: 0]-[ADC: 0]  [T: 1]-[ADC: 0]
C3-3 | [LD15]  [T: 0]-[ADC: 0]  [T: 1]-[ADC: 0]
C3-4 | [LD21]  [T: 0]-[ADC: 0]  [T: 1]-[ADC: 0]
C3-5 | [LD27]  [T: 0]-[ADC: 0]  [T: 1]-[ADC: 0]
C3-6 | [LD33]  [T: 0]-[ADC: 0]  [T: 1]-[ADC: 0]
C4-1 | [LD04]  [T: 0]-[ADC: 0]  [T: 1]-[ADC: 0]
C4-2 | [LD10]  [T: 0]-[ADC: 0]  [T: 1]-[ADC: 0]
C4-3 | [LD16]  [T: 0]-[ADC: 0]  [T: 1]-[ADC: 0]
C4-4 | [LD22]  [T: 0]-[ADC: 0]  [T: 1]-[ADC: 0]
C4-5 | [LD28]  [T: 0]-[ADC: 0]  [T: 1]-[ADC: 0]
C4-6 | [LD34]  [T: 0]-[ADC: 0]  [T: 1]-[ADC: 0]
C5-1 | [LD05]  [T: 0]-[ADC: 0]  [T: 1]-[ADC: 0]
C5-2 | [LD11]  [T: 0]-[ADC: 0]  [T: 1]-[ADC: 0]
C5-3 | [LD17]  [T: 0]-[ADC: 0]  [T: 1]-[ADC: 0]
C5-4 | [LD23]  [T: 0]-[ADC: 0]  [T: 1]-[ADC: 0]
C5-5 | [LD29]  [T: 0]-[ADC: 0]  [T: 1]-[ADC: 0]
C5-6 | [LD35]  [T: 0]-[ADC: 0]  [T: 1]-[ADC: 0]
C6-1 | [LD06]  [T: 0]-[ADC: 0]  [T: 1]-[ADC: 0]
C6-2 | [LD12]  [T: 0]-[ADC: 0]  [T: 1]-[ADC: 0]
C6-3 | [LD18]  [T: 0]-[ADC: 0]  [T: 1]-[ADC: 0]
C6-4 | [LD24]  [T: 0]-[ADC: 0]  [T: 1]-[ADC: 0]
C6-5 | [LD30]  [T: 0]-[ADC: 0]  [T: 1]-[ADC: 0]
C6-6 | [LD36]  [T: 0]-[ADC: 0]  [T: 1]-[ADC: 0]
Temp BMP390 = [0] 
 | NTC[0] = [FAIL]
 | NTC[1] = [FAIL]
 | NTC[2] = [FAIL]
 | NTC[3] = [FAIL]
 | NTC[4] = [FAIL]
 | NTC[5] = [FAIL]
 | NTC[6] = [FAIL]
 | NTC[7] = [FAIL]
C1-1 | [LD01]  [T: 0]-[ADC: 0]  [T: 1]-[ADC: 0]
C1-2 | [LD07]  [T: 0]-[ADC: 0]  [T: 1]-[ADC: 0]
C1-3 | [LD13]  [T: 0]-[ADC: 0]  [T: 1]-[ADC: 0]
C1-4 | [LD19]  [T: 0]-[ADC: 0]  [T: 1]-[ADC: 0]
C1-5 | [LD25]  [T: 0]-[ADC: 0]  [T: 1]-[ADC: 0]
C1-6 | [LD31]  [T: 0]-[ADC: 0]  [T: 1]-[ADC: 0]
C2-1 | [LD02]  [T: 0]-[ADC: 0]  [T: 1]-[ADC: 0]
C2-2 | [LD08]  [T: 0]-[ADC: 0]  [T: 1]-[ADC: 0]
C2-3 | [LD14]  [T: 0]-[ADC: 0]  [T: 1]-[ADC: 0]
C2-4 | [LD20]  [T: 0]-[ADC: 0]  [T: 1]-[ADC: 0]
C2-5 | [LD26]  [T: 0]-[ADC: 0]  [T: 1]-[ADC: 0]
C2-6 | [LD32]  [T: 0]-[ADC: 0]  [T: 1]-[ADC: 0]
C3-1 | [LD03]  [T: 0]-[ADC: 0]  [T: 1]-[ADC: 0]
C3-2 | [LD09]  [T: 0]-[ADC: 0]  [T: 1]-[ADC: 0]
C3-3 | [LD15]  [T: 0]-[ADC: 0]  [T: 1]-[ADC: 0]
C3-4 | [LD21]  [T: 0]-[ADC: 0]  [T: 1]-[ADC: 0]
C3-5 | [LD27]  [T: 0]-[ADC: 0]  [T: 1]-[ADC: 0]
C3-6 | [LD33]  [T: 0]-[ADC: 0]  [T: 1]-[ADC: 0]
C4-1 | [LD04]  [T: 0]-[ADC: 0]  [T: 1]-[ADC: 0]
C4-2 | [LD10]  [T: 0]-[ADC: 0]  [T: 1]-[ADC: 0]
C4-3 | [LD16]  [T: 0]-[ADC: 0]  [T: 1]-[ADC: 0]
C4-4 | [LD22]  [T: 0]-[ADC: 0]  [T: 1]-[ADC: 0]
C4-5 | [LD28]  [T: 0]-[ADC: 0]  [T: 1]-[ADC: 0]
C4-6 | [LD34]  [T: 0]-[ADC: 0]  [T: 1]-[ADC: 0]
C5-1 | [LD05]  [T: 0]-[ADC: 0]  [T: 1]-[ADC: 0]
C5-2 | [LD11]  [T: 0]-[ADC: 0]  [T: 1]-[ADC: 0]
C5-3 | [LD17]  [T: 0]-[ADC: 0]  [T: 1]-[ADC: 0]
C5-4 | [LD23]  [T: 0]-[ADC: 0]  [T: 1]-[ADC: 0]
C5-5 | [LD29]  [T: 0]-[ADC: 0]  [T: 1]-[ADC: 0]
C5-6 | [LD35]  [T: 0]-[ADC: 0]  [T: 1]-[ADC: 0]
C6-1 | [LD06]  [T: 0]-[ADC: 0]  [T: 1]-[ADC: 0]
C6-2 | [LD12]  [T: 0]-[ADC: 0]  [T: 1]-[ADC: 0]
C6-3 | [LD18]  [T: 0]-[ADC: 0]  [T: 1]-[ADC: 0]
C6-4 | [LD24]  [T: 0]-[ADC: 0]  [T: 1]-[ADC: 0]
C6-5 | [LD30]  [T: 0]-[ADC: 0]  [T: 1]-[ADC: 0]
C6-6 | [LD36]  [T: 0]-[ADC: 0]  [T: 1]-[ADC: 0]
Temp BMP390 = [0] 
 | NTC[0] = [FAIL]
 | NTC[1] = [FAIL]
 | NTC[2] = [FAIL]
 | NTC[3] = [FAIL]
 | NTC[4] = [FAIL]
 | NTC[5] = [FAIL]
 | NTC[6] = [FAIL]
 | NTC[7] = [FAIL]
C1-1 | [LD01]  [T: 0]-[ADC: 0]  [T: 1]-[ADC: 0]
C1-2 | [LD07]  [T: 0]-[ADC: 0]  [T: 1]-[ADC: 0]
C1-3 | [LD13]  [T: 0]-[ADC: 0]  [T: 1]-[ADC: 0]
C1-4 | [LD19]  [T: 0]-[ADC: 0]  [T: 1]-[ADC: 0]
C1-5 | [LD25]  [T: 0]-[ADC: 0]  [T: 1]-[ADC: 0]
C1-6 | [LD31]  [T: 0]-[ADC: 0]  [T: 1]-[ADC: 0]
C2-1 | [LD02]  [T: 0]-[ADC: 0]  [T: 1]-[ADC: 0]
C2-2 | [LD08]  [T: 0]-[ADC: 0]  [T: 1]-[ADC: 0]
C2-3 | [LD14]  [T: 0]-[ADC: 0]  [T: 1]-[ADC: 0]
C2-4 | [LD20]  [T: 0]-[ADC: 0]  [T: 1]-[ADC: 0]
C2-5 | [LD26]  [T: 0]-[ADC: 0]  [T: 1]-[ADC: 0]
C2-6 | [LD32]  [T: 0]-[ADC: 0]  [T: 1]-[ADC: 0]
C3-1 | [LD03]  [T: 0]-[ADC: 0]  [T: 1]-[ADC: 0]
C3-2 | [LD09]  [T: 0]-[ADC: 0]  [T: 1]-[ADC: 0]
C3-3 | [LD15]  [T: 0]-[ADC: 0]  [T: 1]-[ADC: 0]
C3-4 | [LD21]  [T: 0]-[ADC: 0]  [T: 1]-[ADC: 0]
C3-5 | [LD27]  [T: 0]-[ADC: 0]  [T: 1]-[ADC: 0]
C3-6 | [LD33]  [T: 0]-[ADC: 0]  [T: 1]-[ADC: 0]
C4-1 | [LD04]  [T: 0]-[ADC: 0]  [T: 1]-[ADC: 0]
C4-2 | [LD10]  [T: 0]-[ADC: 0]  [T: 1]-[ADC: 0]
C4-3 | [LD16]  [T: 0]-[ADC: 0]  [T: 1]-[ADC: 0]
C4-4 | [LD22]  [T: 0]-[ADC: 0]  [T: 1]-[ADC: 0]
C4-5 | [LD28]  [T: 0]-[ADC: 0]  [T: 1]-[ADC: 0]
C4-6 | [LD34]  [T: 0]-[ADC: 0]  [T: 1]-[ADC: 0]
C5-1 | [LD05]  [T: 0]-[ADC: 0]  [T: 1]-[ADC: 0]
C5-2 | [LD11]  [T: 0]-[ADC: 0]  [T: 1]-[ADC: 0]
C5-3 | [LD17]  [T: 0]-[ADC: 0]  [T: 1]-[ADC: 0]
C5-4 | [LD23]  [T: 0]-[ADC: 0]  [T: 1]-[ADC: 0]
C5-5 | [LD29]  [T: 0]-[ADC: 0]  [T: 1]-[ADC: 0]
C5-6 | [LD35]  [T: 0]-[ADC: 0]  [T: 1]-[ADC: 0]
C6-1 | [LD06]  [T: 0]-[ADC: 0]  [T: 1]-[ADC: 0]
C6-2 | [LD12]  [T: 0]-[ADC: 0]  [T: 1]-[ADC: 0]
C6-3 | [LD18]  [T: 0]-[ADC: 0]  [T: 1]-[ADC: 0]
C6-4 | [LD24]  [T: 0]-[ADC: 0]  [T: 1]-[ADC: 0]
C6-5 | [LD30]  [T: 0]-[ADC: 0]  [T: 1]-[ADC: 0]
C6-6 | [LD36]  [T: 0]-[ADC: 0]  [T: 1]-[ADC: 0]
Temp BMP390 = [0] 
 | NTC[0] = [FAIL]
 | NTC[1] = [FAIL]
 | NTC[2] = [FAIL]
 | NTC[3] = [FAIL]
 | NTC[4] = [FAIL]
 | NTC[5] = [FAIL]
 | NTC[6] = [FAIL]
 | NTC[7] = [FAIL]
C1-1 | [LD01]  [T: 0]-[ADC: 0]  [T: 1]-[ADC: 0]
C1-2 | [LD07]  [T: 0]-[ADC: 0]  [T: 1]-[ADC: 0]
C1-3 | [LD13]  [T: 0]-[ADC: 0]  [T: 1]-[ADC: 0]
C1-4 | [LD19]  [T: 0]-[ADC: 0]  [T: 1]-[ADC: 0]
C1-5 | [LD25]  [T: 0]-[ADC: 0]  [T: 1]-[ADC: 0]
C1-6 | [LD31]  [T: 0]-[ADC: 0]  [T: 1]-[ADC: 0]
C2-1 | [LD02]  [T: 0]-[ADC: 0]  [T: 1]-[ADC: 0]
C2-2 | [LD08]  [T: 0]-[ADC: 0]  [T: 1]-[ADC: 0]
C2-3 | [LD14]  [T: 0]-[ADC: 0]  [T: 1]-[ADC: 0]
C2-4 | [LD20]  [T: 0]-[ADC: 0]  [T: 1]-[ADC: 0]
C2-5 | [LD26]  [T: 0]-[ADC: 0]  [T: 1]-[ADC: 0]
C2-6 | [LD32]  [T: 0]-[ADC: 0]  [T: 1]-[ADC: 0]
C3-1 | [LD03]  [T: 0]-[ADC: 0]  [T: 1]-[ADC: 0]
C3-2 | [LD09]  [T: 0]-[ADC: 0]  [T: 1]-[ADC: 0]
C3-3 | [LD15]  [T: 0]-[ADC: 0]  [T: 1]-[ADC: 0]
C3-4 | [LD21]  [T: 0]-[ADC: 0]  [T: 1]-[ADC: 0]
C3-5 | [LD27]  [T: 0]-[ADC: 0]  [T: 1]-[ADC: 0]
C3-6 | [LD33]  [T: 0]-[ADC: 0]  [T: 1]-[ADC: 0]
C4-1 | [LD04]  [T: 0]-[ADC: 0]  [T: 1]-[ADC: 0]
C4-2 | [LD10]  [T: 0]-[ADC: 0]  [T: 1]-[ADC: 0]
C4-3 | [LD16]  [T: 0]-[ADC: 0]  [T: 1]-[ADC: 0]
C4-4 | [LD22]  [T: 0]-[ADC: 0]  [T: 1]-[ADC: 0]
C4-5 | [LD28]  [T: 0]-[ADC: 0]  [T: 1]-[ADC: 0]
C4-6 | [LD34]  [T: 0]-[ADC: 0]  [T: 1]-[ADC: 0]
C5-1 | [LD05]  [T: 0]-[ADC: 0]  [T: 1]-[ADC: 0]
C5-2 | [LD11]  [T: 0]-[ADC: 0]  [T: 1]-[ADC: 0]
C5-3 | [LD17]  [T: 0]-[ADC: 0]  [T: 1]-[ADC: 0]
C5-4 | [LD23]  [T: 0]-[ADC: 0]  [T: 1]-[ADC: 0]
C5-5 | [LD29]  [T: 0]-[ADC: 0]  [T: 1]-[ADC: 0]
C5-6 | [LD35]  [T: 0]-[ADC: 0]  [T: 1]-[ADC: 0]
C6-1 | [LD06]  [T: 0]-[ADC: 0]  [T: 1]-[ADC: 0]
C6-2 | [LD12]  [T: 0]-[ADC: 0]  [T: 1]-[ADC: 0]
C6-3 | [LD18]  [T: 0]-[ADC: 0]  [T: 1]-[ADC: 0]
C6-4 | [LD24]  [T: 0]-[ADC: 0]  [T: 1]-[ADC: 0]
C6-5 | [LD30]  [T: 0]-[ADC: 0]  [T: 1]-[ADC: 0]
C6-6 | [LD36]  [T: 0]-[ADC: 0]  [T: 1]-[ADC: 0]
Temp BMP390 = [0] 
 | NTC[0] = [FAIL]
 | NTC[1] = [FAIL]
 | NTC[2] = [FAIL]
 | NTC[3] = [FAIL]
 | NTC[4] = [FAIL]
 | NTC[5] = [FAIL]
 | NTC[6] = [FAIL]
 | NTC[7] = [FAIL]
C1-1 | [LD01]  [T: 0]-[ADC: 0]  [T: 1]-[ADC: 0]
C1-2 | [LD07]  [T: 0]-[ADC: 0]  [T: 1]-[ADC: 0]
C1-3 | [LD13]  [T: 0]-[ADC: 0]  [T: 1]-[ADC: 0]
C1-4 | [LD19]  [T: 0]-[ADC: 0]  [T: 1]-[ADC: 0]
C1-5 | [LD25]  [T: 0]-[ADC: 0]  [T: 1]-[ADC: 0]
C1-6 | [LD31]  [T: 0]-[ADC: 0]  [T: 1]-[ADC: 0]
C2-1 | [LD02]  [T: 0]-[ADC: 0]  [T: 1]-[ADC: 0]
C2-2 | [LD08]  [T: 0]-[ADC: 0]  [T: 1]-[ADC: 0]
C2-3 | [LD14]  [T: 0]-[ADC: 0]  [T: 1]-[ADC: 0]
C2-4 | [LD20]  [T: 0]-[ADC: 0]  [T: 1]-[ADC: 0]
C2-5 | [LD26]  [T: 0]-[ADC: 0]  [T: 1]-[ADC: 0]
C2-6 | [LD32]  [T: 0]-[ADC: 0]  [T: 1]-[ADC: 0]
C3-1 | [LD03]  [T: 0]-[ADC: 0]  [T: 1]-[ADC: 0]
C3-2 | [LD09]  [T: 0]-[ADC: 0]  [T: 1]-[ADC: 0]
C3-3 | [LD15]  [T: 0]-[ADC: 0]  [T: 1]-[ADC: 0]
C3-4 | [LD21]  [T: 0]-[ADC: 0]  [T: 1]-[ADC: 0]
C3-5 | [LD27]  [T: 0]-[ADC: 0]  [T: 1]-[ADC: 0]
C3-6 | [LD33]  [T: 0]-[ADC: 0]  [T: 1]-[ADC: 0]
C4-1 | [LD04]  [T: 0]-[ADC: 0]  [T: 1]-[ADC: 0]
C4-2 | [LD10]  [T: 0]-[ADC: 0]  [T: 1]-[ADC: 0]
C4-3 | [LD16]  [T: 0]-[ADC: 0]  [T: 1]-[ADC: 0]
C4-4 | [LD22]  [T: 0]-[ADC: 0]  [T: 1]-[ADC: 0]
C4-5 | [LD28]  [T: 0]-[ADC: 0]  [T: 1]-[ADC: 0]
C4-6 | [LD34]  [T: 0]-[ADC: 0]  [T: 1]-[ADC: 0]
C5-1 | [LD05]  [T: 0]-[ADC: 0]  [T: 1]-[ADC: 0]
C5-2 | [LD11]  [T: 0]-[ADC: 0]  [T: 1]-[ADC: 0]
C5-3 | [LD17]  [T: 0]-[ADC: 0]  [T: 1]-[ADC: 0]
C5-4 | [LD23]  [T: 0]-[ADC: 0]  [T: 1]-[ADC: 0]
C5-5 | [LD29]  [T: 0]-[ADC: 0]  [T: 1]-[ADC: 0]
C5-6 | [LD35]  [T: 0]-[ADC: 0]  [T: 1]-[ADC: 0]
C6-1 | [LD06]  [T: 0]-[ADC: 0]  [T: 1]-[ADC: 0]
C6-2 | [LD12]  [T: 0]-[ADC: 0]  [T: 1]-[ADC: 0]
C6-3 | [LD18]  [T: 0]-[ADC: 0]  [T: 1]-[ADC: 0]
C6-4 | [LD24]  [T: 0]-[ADC: 0]  [T: 1]-[ADC: 0]
C6-5 | [LD30]  [T: 0]-[ADC: 0]  [T: 1]-[ADC: 0]
C6-6 | [LD36]  [T: 0]-[ADC: 0]  [T: 1]-[ADC: 0]
Temp BMP390 = [0] 
 | NTC[0] = [FAIL]
 | NTC[1] = [FAIL]
 | NTC[2] = [FAIL]
 | NTC[3] = [FAIL]
 | NTC[4] = [FAIL]
 | NTC[5] = [FAIL]
 | NTC[6] = [FAIL]
 | NTC[7] = [FAIL]
C1-1 | [LD01]  [T: 0]-[ADC: 0]  [T: 1]-[ADC: 0]
C1-2 | [LD07]  [T: 0]-[ADC: 0]  [T: 1]-[ADC: 0]
C1-3 | [LD13]  [T: 0]-[ADC: 0]  [T: 1]-[ADC: 0]
C1-4 | [LD19]  [T: 0]-[ADC: 0]  [T: 1]-[ADC: 0]
C1-5 | [LD25]  [T: 0]-[ADC: 0]  [T: 1]-[ADC: 0]
C1-6 | [LD31]  [T: 0]-[ADC: 0]  [T: 1]-[ADC: 0]
C2-1 | [LD02]  [T: 0]-[ADC: 0]  [T: 1]-[ADC: 0]
C2-2 | [LD08]  [T: 0]-[ADC: 0]  [T: 1]-[ADC: 0]
C2-3 | [LD14]  [T: 0]-[ADC: 0]  [T: 1]-[ADC: 0]
C2-4 | [LD20]  [T: 0]-[ADC: 0]  [T: 1]-[ADC: 0]
C2-5 | [LD26]  [T: 0]-[ADC: 0]  [T: 1]-[ADC: 0]
C2-6 | [LD32]  [T: 0]-[ADC: 0]  [T: 1]-[ADC: 0]
C3-1 | [LD03]  [T: 0]-[ADC: 0]  [T: 1]-[ADC: 0]
C3-2 | [LD09]  [T: 0]-[ADC: 0]  [T: 1]-[ADC: 0]
C3-3 | [LD15]  [T: 0]-[ADC: 0]  [T: 1]-[ADC: 0]
C3-4 | [LD21]  [T: 0]-[ADC: 0]  [T: 1]-[ADC: 0]
C3-5 | [LD27]  [T: 0]-[ADC: 0]  [T: 1]-[ADC: 0]
C3-6 | [LD33]  [T: 0]-[ADC: 0]  [T: 1]-[ADC: 0]
C4-1 | [LD04]  [T: 0]-[ADC: 0]  [T: 1]-[ADC: 0]
C4-2 | [LD10]  [T: 0]-[ADC: 0]  [T: 1]-[ADC: 0]
C4-3 | [LD16]  [T: 0]-[ADC: 0]  [T: 1]-[ADC: 0]
C4-4 | [LD22]  [T: 0]-[ADC: 0]  [T: 1]-[ADC: 0]
C4-5 | [LD28]  [T: 0]-[ADC: 0]  [T: 1]-[ADC: 0]
C4-6 | [LD34]  [T: 0]-[ADC: 0]  [T: 1]-[ADC: 0]
C5-1 | [LD05]  [T: 0]-[ADC: 0]  [T: 1]-[ADC: 0]
C5-2 | [LD11]  [T: 0]-[ADC: 0]  [T: 1]-[ADC: 0]
C5-3 | [LD17]  [T: 0]-[ADC: 0]  [T: 1]-[ADC: 0]
C5-4 | [LD23]  [T: 0]-[ADC: 0]  [T: 1]-[ADC: 0]
C5-5 | [LD29]  [T: 0]-[ADC: 0]  [T: 1]-[ADC: 0]
C5-6 | [LD35]  [T: 0]-[ADC: 0]  [T: 1]-[ADC: 0]
C6-1 | [LD06]  [T: 0]-[ADC: 0]  [T: 1]-[ADC: 0]
C6-2 | [LD12]  [T: 0]-[ADC: 0]  [T: 1]-[ADC: 0]
C6-3 | [LD18]  [T: 0]-[ADC: 0]  [T: 1]-[ADC: 0]
C6-4 | [LD24]  [T: 0]-[ADC: 0]  [T: 1]-[ADC: 0]
C6-5 | [LD30]  [T: 0]-[ADC: 0]  [T: 1]-[ADC: 0]
C6-6 | [LD36]  [T: 0]-[ADC: 0]  [T: 1]-[ADC: 0]
Temp BMP390 = [0] 
 | NTC[0] = [FAIL]
 | NTC[1] = [FAIL]
 | NTC[2] = [FAIL]
 | NTC[3] = [FAIL]
 | NTC[4] = [FAIL]
 | NTC[5] = [FAIL]
 | NTC[6] = [FAIL]
 | NTC[7] = [FAIL]
C1-1 | [LD01]  [T: 0]-[ADC: 0]  [T: 1]-[ADC: 0]
C1-2 | [LD07]  [T: 0]-[ADC: 0]  [T: 1]-[ADC: 0]
C1-3 | [LD13]  [T: 0]-[ADC: 0]  [T: 1]-[ADC: 0]
C1-4 | [LD19]  [T: 0]-[ADC: 0]  [T: 1]-[ADC: 0]
C1-5 | [LD25]  [T: 0]-[ADC: 0]  [T: 1]-[ADC: 0]
C1-6 | [LD31]  [T: 0]-[ADC: 0]  [T: 1]-[ADC: 0]
> 
> help
help: Display list of help commands | format: help
heater_pw_on: test | format: heater_pw_on 0/1
set_temp: set_temp | format: set_temp 20 30 40 50
get_temp_setpoint: get_temp_setpoint | format: get_temp_setpoint
get_temp: get_temp | format: get_temp
set_tec_vol: set_tec_voltage | format: set_tec_voltage vol0 vol1 vol2 vol3
get_tec_vol: get_tec_voltage | format: get_tec_vol
set_heater_duty: set_heater_duty | format: set_heater_duty 0% 1% 2% 3%
get_heater_duty: get_heater_duty | format: get_heater_duty
temp_ctrl: tec_ctrl | format: tec_ctrl 1 1 0 0
temp_auto_ctrl: tec_ctrl_auto | format: temp_auto_ctrl 1 1 0 0
set_ir_duty | format: set_ir_duty <duty>
get_ir_duty | format: get_ir_duty
get_accel_gyro | format: get_accel_gyro
get_press | format: get_press
get_all:Display all | format: get_all
dac_set: --------- | format: ------
get_adc: --------- | format: ------
pd_set: --------- | format: ------
ls_set: --------- | format: ------
auto_adc: Instead of using <get_adc>, auto_adc = get_adc automatically
auto_laser: : auto_laser [intervu
> 
> 
> auto_laser 1000 400 00200 0 1000 105
DAC Point: 105 
Temp BMP390 = [0] 
 | NTC[0] = [FAIL]
 | NTC[1] = [FAIL]
 | NTC[2] = [FAIL]
 | NTC[3] = [FAIL]
 | NTC[4] = [FAIL]
 | NTC[5] = [FAIL]
 | NTC[6] = [FAIL]
 | NTC[7] = [FAIL]
Run system with interval: 1000 ms, times: 400, delay: 200. Enter to End
> OK
> 
Temp BMP390 = [0] 
 | NTC[0] = [FAIL]
 | NTC[1] = [FAIL]
 | NTC[2] = [FAIL]
 | NTC[3] = [FAIL]
 | NTC[4] = [FAIL]
 | NTC[5] = [FAIL]
 | NTC[6] = [FAIL]
 | NTC[7] = [FAIL]
C1-1 | [LD01]  [T: 0]-[ADC: 0]  [T: 1]-[ADC: 0]
C1-2 | [LD07]  [T: 0]-[ADC: 0]  [T: 1]-[ADC: 0]
C1-3 | [LD13]  [T: 0]-[ADC: 0]  [T: 1]-[ADC: 0]
C1-4 | [LD19]  [T: 0]-[ADC: 0]  [T: 1]-[ADC: 0]
C1-5 | [LD25]  [T: 0]-[ADC: 0]  [T: 1]-[ADC: 0]
C1-6 | [LD31]  [T: 0]-[ADC: 0]  [T: 1]-[ADC: 0]
C2-1 | [LD02]  [T: 0]-[ADC: 0]  [T: 1]-[ADC: 0]
C2-2 | [LD08]  [T: 0]-[ADC: 0]  [T: 1]-[ADC: 0]
C2-3 | [LD14]  [T: 0]-[ADC: 0]  [T: 1]-[ADC: 0]
C2-4 | [LD20]  [T: 0]-[ADC: 0]  [T: 1]-[ADC: 0]
C2-5 | [LD26]  [T: 0]-[ADC: 0]  [T: 1]-[ADC: 0]
C2-6 | [LD32]  [T: 0]-[ADC: 0]  [T: 1]-[ADC: 0]
C3-1 | [LD03]  [T: 0]-[ADC: 0]  [T: 1]-[ADC: 0]
C3-2 | [LD09]  [T: 0]-[ADC: 0]  [T: 1]-[ADC: 0]
C3-3 | [LD15]  [T: 0]-[ADC: 0]  [T: 1]-[ADC: 0]
C3-4 | [LD21]  [T: 0]-[ADC: 0]  [T: 1]-[ADC: 0]
